<?xml version="1.0" encoding="UTF-8"?>
<!-- Generated by org.testng.reporters.JUnitXMLReporter -->
<testsuite ignored="7" hostname="LAPTOP-83K3QJ4L" failures="0" tests="0" time="0.062" errors="0" timestamp="23 Jan 2022 04:21:11 GMT">
  <testcase classname="testcases.aiconfigsitepagetest" name="TC4" time="0.0">
    <ignored/>
  </testcase> <!-- TC4 -->
  <testcase classname="testcases.aiconfigsitepagetest" name="TC5" time="0.0">
    <ignored/>
  </testcase> <!-- TC5 -->
  <testcase classname="testcases.aiconfigsitepagetest" name="TC6" time="0.0">
    <ignored/>
  </testcase> <!-- TC6 -->
  <testcase classname="testcases.aiconfigsitepagetest" name="TC7" time="0.0">
    <ignored/>
  </testcase> <!-- TC7 -->
  <testcase classname="testcases.aiconfigsitepagetest" name="TC3" time="0.0">
    <ignored/>
  </testcase> <!-- TC3 -->
  <testcase classname="testcases.aiconfigsitepagetest" name="TC8" time="0.0">
    <ignored/>
  </testcase> <!-- TC8 -->
  <testcase classname="testcases.aiconfigsitepagetest" name="TC9" time="0.0">
    <ignored/>
  </testcase> <!-- TC9 -->
</testsuite>
