<?xml version="1.0" encoding="UTF-8"?>
<!-- Generated by org.testng.reporters.JUnitXMLReporter -->
<testsuite ignored="0" hostname="LAPTOP-83K3QJ4L" failures="1" tests="4" name="Test" time="227.906" errors="0" timestamp="19 Jan 2022 16:27:44 GMT">
  <testcase classname="testcases.aiconfigsitepagetest" name="TC3" time="43.846">
    <failure type="java.lang.AssertionError" message="Site was not added Sucessfully expected [http://3.109.160.64:4201/aiconfig/site/list] but found [http://3.109.160.64:4201/aiconfig/site/add]">
      <![CDATA[java.lang.AssertionError: Site was not added Sucessfully expected [http://3.109.160.64:4201/aiconfig/site/list] but found [http://3.109.160.64:4201/aiconfig/site/add]
	at com.vueaudit.qa.pages.aiconfigAddSite.addsite(aiconfigAddSite.java:63)
	at testcases.aiconfigsitepagetest.TC3(aiconfigsitepagetest.java:44)
... Removed 30 stack frames]]>
    </failure>
  </testcase> <!-- TC3 -->
  <testcase classname="testcases.aiconfigsitepagetest" name="TC4" time="22.541"/>
  <testcase classname="testcases.aiconfigLoginPageTest" name="TC1" time="8.681"/>
  <testcase classname="testcases.aiconfigLoginPageTest" name="TC2" time="7.296"/>
</testsuite> <!-- Test -->
