<?xml version="1.0" encoding="UTF-8"?>
<!-- Generated by org.testng.reporters.JUnitXMLReporter -->
<testsuite ignored="5" hostname="LAPTOP-83K3QJ4L" failures="0" tests="4" name="Test" time="304.152" errors="0" timestamp="23 Jan 2022 06:59:19 GMT">
  <testcase classname="testcases.aiconfigsitepagetest" name="@BeforeMethod setup" time="138.119">
    <failure type="java.lang.NullPointerException">
      <![CDATA[java.lang.NullPointerException
	at testcases.aiconfigsitepagetest.setup(aiconfigsitepagetest.java:34)
... Removed 27 stack frames]]>
    </failure>
  </testcase> <!-- @BeforeMethod setup -->
  <testcase classname="testcases.aiconfigsitepagetest" name="@BeforeMethod setup" time="0.0">
    <skipped/>
  </testcase> <!-- @BeforeMethod setup -->
  <testcase classname="testcases.aiconfigsitepagetest" name="TC8" time="0.0">
    <skipped/>
  </testcase> <!-- TC8 -->
  <testcase classname="testcases.aiconfigsitepagetest" name="TC9" time="0.0">
    <skipped/>
  </testcase> <!-- TC9 -->
  <testcase classname="testcases.aiconfigLoginPageTest" name="TC1" time="28.232"/>
  <testcase classname="testcases.aiconfigLoginPageTest" name="TC2" time="10.102"/>
  <testcase classname="testcases.aiconfigsitepagetest" name="TC4" time="0.0">
    <ignored/>
  </testcase> <!-- TC4 -->
  <testcase classname="testcases.aiconfigsitepagetest" name="TC5" time="0.0">
    <ignored/>
  </testcase> <!-- TC5 -->
  <testcase classname="testcases.aiconfigsitepagetest" name="TC6" time="0.0">
    <ignored/>
  </testcase> <!-- TC6 -->
  <testcase classname="testcases.aiconfigsitepagetest" name="TC7" time="0.0">
    <ignored/>
  </testcase> <!-- TC7 -->
  <testcase classname="testcases.aiconfigsitepagetest" name="TC3" time="0.0">
    <ignored/>
  </testcase> <!-- TC3 -->
</testsuite> <!-- Test -->
